<?xml version="1.0" encoding="UTF-8"?>
<testsuite xmlns:xsi="http://www.w3.org/2001/XMLSchema-instance" xsi:noNamespaceSchemaLocation="https://maven.apache.org/surefire/maven-surefire-plugin/xsd/surefire-test-report-3.0.xsd" version="3.0" name="com.ing.hubs.project.service.AuthServiceTest" time="3.012" tests="6" errors="0" skipped="0" failures="0">
  <properties>
[...]
</properties>
  <testcase name="shouldHaveWrongPassword" classname="com.ing.hubs.project.service.AuthServiceTest" time="2.801"/>
  <testcase name="shouldRegisterSuccessfully" classname="com.ing.hubs.project.service.AuthServiceTest" time="0.065"/>
  <testcase name="shouldFailToAuthenticate" classname="com.ing.hubs.project.service.AuthServiceTest" time="0.045"/>
  <testcase name="shouldLoginUser" classname="com.ing.hubs.project.service.AuthServiceTest" time="0.047">
    <system-out><![CDATA[null
]]></system-out>
  </testcase>
  <testcase name="userShouldAlreadyExistAtRegister" classname="com.ing.hubs.project.service.AuthServiceTest" time="0.008"/>
  <testcase name="userShouldNotExistAtLogin" classname="com.ing.hubs.project.service.AuthServiceTest" time="0.008"/>
</testsuite>